cl : 命令行 warning D9035: “Gm”选项已否决，并将在将来的版本中移除
  terrain.cpp
E:\back\cuiwenshan\Downloads\Premier Press - Focus On 3D Terrain Programming.Source Code\Code\Chapter 3\demo3_1\terrain.cpp(49,9): warning C4996: 'fopen': This function or variable may be unsafe. Consider using fopen_s instead. To disable deprecation, use _CRT_SECURE_NO_WARNINGS. See online help for details.
E:\back\cuiwenshan\Downloads\Premier Press - Focus On 3D Terrain Programming.Source Code\Code\Chapter 3\demo3_1\terrain.cpp(94,9): warning C4996: 'fopen': This function or variable may be unsafe. Consider using fopen_s instead. To disable deprecation, use _CRT_SECURE_NO_WARNINGS. See online help for details.
  main.cpp
E:\back\cuiwenshan\Downloads\Premier Press - Focus On 3D Terrain Programming.Source Code\Code\Chapter 3\demo3_1\main.cpp(389,4): warning C4996: 'sprintf': This function or variable may be unsafe. Consider using sprintf_s instead. To disable deprecation, use _CRT_SECURE_NO_WARNINGS. See online help for details.
  brute_force.cpp
  math_ops.cpp
  log.cpp
E:\back\cuiwenshan\Downloads\Premier Press - Focus On 3D Terrain Programming.Source Code\Code\Chapter 3\Base Code\log.cpp(56,12): warning C4996: 'localtime': This function or variable may be unsafe. Consider using localtime_s instead. To disable deprecation, use _CRT_SECURE_NO_WARNINGS. See online help for details.
E:\back\cuiwenshan\Downloads\Premier Press - Focus On 3D Terrain Programming.Source Code\Code\Chapter 3\Base Code\log.cpp(60,9): warning C4996: 'fopen': This function or variable may be unsafe. Consider using fopen_s instead. To disable deprecation, use _CRT_SECURE_NO_WARNINGS. See online help for details.
E:\back\cuiwenshan\Downloads\Premier Press - Focus On 3D Terrain Programming.Source Code\Code\Chapter 3\Base Code\log.cpp(102,12): warning C4996: 'localtime': This function or variable may be unsafe. Consider using localtime_s instead. To disable deprecation, use _CRT_SECURE_NO_WARNINGS. See online help for details.
E:\back\cuiwenshan\Downloads\Premier Press - Focus On 3D Terrain Programming.Source Code\Code\Chapter 3\Base Code\log.cpp(107,3): warning C4996: 'vsprintf': This function or variable may be unsafe. Consider using vsprintf_s instead. To disable deprecation, use _CRT_SECURE_NO_WARNINGS. See online help for details.
E:\back\cuiwenshan\Downloads\Premier Press - Focus On 3D Terrain Programming.Source Code\Code\Chapter 3\Base Code\log.cpp(111,9): warning C4996: 'fopen': This function or variable may be unsafe. Consider using fopen_s instead. To disable deprecation, use _CRT_SECURE_NO_WARNINGS. See online help for details.
  image.cpp
E:\back\cuiwenshan\Downloads\Premier Press - Focus On 3D Terrain Programming.Source Code\Code\Chapter 3\Base Code\image.cpp(83,9): warning C4996: 'fopen': This function or variable may be unsafe. Consider using fopen_s instead. To disable deprecation, use _CRT_SECURE_NO_WARNINGS. See online help for details.
E:\back\cuiwenshan\Downloads\Premier Press - Focus On 3D Terrain Programming.Source Code\Code\Chapter 3\Base Code\image.cpp(334,9): warning C4996: 'fopen': This function or variable may be unsafe. Consider using fopen_s instead. To disable deprecation, use _CRT_SECURE_NO_WARNINGS. See online help for details.
  gl_app.cpp
E:\back\cuiwenshan\Downloads\Premier Press - Focus On 3D Terrain Programming.Source Code\Code\Chapter 3\Base Code\gl_app.cpp(143,3): warning C4838: 从“int”转换到“BYTE”需要收缩转换
E:\back\cuiwenshan\Downloads\Premier Press - Focus On 3D Terrain Programming.Source Code\Code\Chapter 3\Base Code\gl_app.cpp(384,6): warning C4996: 'vsprintf': This function or variable may be unsafe. Consider using vsprintf_s instead. To disable deprecation, use _CRT_SECURE_NO_WARNINGS. See online help for details.
  camera.cpp
  正在生成代码...
  demo3_1.vcxproj -> E:\back\cuiwenshan\Downloads\Premier Press - Focus On 3D Terrain Programming.Source Code\Code\Chapter 3\demo3_1\Debug\demo3_1.exe
