e:\back\cuiwenshan\downloads\premier press - focus on 3d terrain programming.source code\code\chapter 3\demo3_1\debug\vc142.pdb
e:\back\cuiwenshan\downloads\premier press - focus on 3d terrain programming.source code\code\chapter 3\demo3_1\debug\vc142.idb
e:\back\cuiwenshan\downloads\premier press - focus on 3d terrain programming.source code\code\chapter 3\demo3_1\debug\camera.obj
e:\back\cuiwenshan\downloads\premier press - focus on 3d terrain programming.source code\code\chapter 3\demo3_1\debug\gl_app.obj
e:\back\cuiwenshan\downloads\premier press - focus on 3d terrain programming.source code\code\chapter 3\demo3_1\debug\image.obj
e:\back\cuiwenshan\downloads\premier press - focus on 3d terrain programming.source code\code\chapter 3\demo3_1\debug\log.obj
e:\back\cuiwenshan\downloads\premier press - focus on 3d terrain programming.source code\code\chapter 3\demo3_1\debug\math_ops.obj
e:\back\cuiwenshan\downloads\premier press - focus on 3d terrain programming.source code\code\chapter 3\demo3_1\debug\brute_force.obj
e:\back\cuiwenshan\downloads\premier press - focus on 3d terrain programming.source code\code\chapter 3\demo3_1\debug\main.obj
e:\back\cuiwenshan\downloads\premier press - focus on 3d terrain programming.source code\code\chapter 3\demo3_1\debug\terrain.obj
e:\back\cuiwenshan\downloads\premier press - focus on 3d terrain programming.source code\code\chapter 3\demo3_1\debug\demo3_1.exe
e:\back\cuiwenshan\downloads\premier press - focus on 3d terrain programming.source code\code\chapter 3\demo3_1\debug\demo3_1.ilk
e:\back\cuiwenshan\downloads\premier press - focus on 3d terrain programming.source code\code\chapter 3\demo3_1\debug\demo3_1.pdb
e:\back\cuiwenshan\downloads\premier press - focus on 3d terrain programming.source code\code\chapter 3\demo3_1\debug\resource.res
e:\back\cuiwenshan\downloads\premier press - focus on 3d terrain programming.source code\code\chapter 3\demo3_1\debug\demo3_1.tlog\cl.command.1.tlog
e:\back\cuiwenshan\downloads\premier press - focus on 3d terrain programming.source code\code\chapter 3\demo3_1\debug\demo3_1.tlog\cl.read.1.tlog
e:\back\cuiwenshan\downloads\premier press - focus on 3d terrain programming.source code\code\chapter 3\demo3_1\debug\demo3_1.tlog\cl.write.1.tlog
e:\back\cuiwenshan\downloads\premier press - focus on 3d terrain programming.source code\code\chapter 3\demo3_1\debug\demo3_1.tlog\link.command.1.tlog
e:\back\cuiwenshan\downloads\premier press - focus on 3d terrain programming.source code\code\chapter 3\demo3_1\debug\demo3_1.tlog\link.read.1.tlog
e:\back\cuiwenshan\downloads\premier press - focus on 3d terrain programming.source code\code\chapter 3\demo3_1\debug\demo3_1.tlog\link.write.1.tlog
e:\back\cuiwenshan\downloads\premier press - focus on 3d terrain programming.source code\code\chapter 3\demo3_1\debug\demo3_1.tlog\rc.command.1.tlog
e:\back\cuiwenshan\downloads\premier press - focus on 3d terrain programming.source code\code\chapter 3\demo3_1\debug\demo3_1.tlog\rc.read.1.tlog
e:\back\cuiwenshan\downloads\premier press - focus on 3d terrain programming.source code\code\chapter 3\demo3_1\debug\demo3_1.tlog\rc.write.1.tlog
