e:\back\cuiwenshan\downloads\premier press - focus on 3d terrain programming.source code\code\chapter 3\demo3_2\debug\vc142.pdb
e:\back\cuiwenshan\downloads\premier press - focus on 3d terrain programming.source code\code\chapter 3\demo3_2\debug\vc142.idb
e:\back\cuiwenshan\downloads\premier press - focus on 3d terrain programming.source code\code\chapter 3\demo3_2\debug\camera.obj
e:\back\cuiwenshan\downloads\premier press - focus on 3d terrain programming.source code\code\chapter 3\demo3_2\debug\gl_app.obj
e:\back\cuiwenshan\downloads\premier press - focus on 3d terrain programming.source code\code\chapter 3\demo3_2\debug\image.obj
e:\back\cuiwenshan\downloads\premier press - focus on 3d terrain programming.source code\code\chapter 3\demo3_2\debug\log.obj
e:\back\cuiwenshan\downloads\premier press - focus on 3d terrain programming.source code\code\chapter 3\demo3_2\debug\math_ops.obj
e:\back\cuiwenshan\downloads\premier press - focus on 3d terrain programming.source code\code\chapter 3\demo3_2\debug\brute_force.obj
e:\back\cuiwenshan\downloads\premier press - focus on 3d terrain programming.source code\code\chapter 3\demo3_2\debug\main.obj
e:\back\cuiwenshan\downloads\premier press - focus on 3d terrain programming.source code\code\chapter 3\demo3_2\debug\terrain.obj
e:\back\cuiwenshan\downloads\premier press - focus on 3d terrain programming.source code\code\chapter 3\demo3_2\debug\demo3_2.ilk
e:\back\cuiwenshan\downloads\premier press - focus on 3d terrain programming.source code\code\chapter 3\demo3_2\debug\demo3_2.exe
e:\back\cuiwenshan\downloads\premier press - focus on 3d terrain programming.source code\code\chapter 3\demo3_2\debug\demo3_2.pdb
e:\back\cuiwenshan\downloads\premier press - focus on 3d terrain programming.source code\code\chapter 3\demo3_2\debug\resource.res
e:\back\cuiwenshan\downloads\premier press - focus on 3d terrain programming.source code\code\chapter 3\demo3_2\debug\demo3_2.tlog\cl.command.1.tlog
e:\back\cuiwenshan\downloads\premier press - focus on 3d terrain programming.source code\code\chapter 3\demo3_2\debug\demo3_2.tlog\cl.read.1.tlog
e:\back\cuiwenshan\downloads\premier press - focus on 3d terrain programming.source code\code\chapter 3\demo3_2\debug\demo3_2.tlog\cl.write.1.tlog
e:\back\cuiwenshan\downloads\premier press - focus on 3d terrain programming.source code\code\chapter 3\demo3_2\debug\demo3_2.tlog\link.command.1.tlog
e:\back\cuiwenshan\downloads\premier press - focus on 3d terrain programming.source code\code\chapter 3\demo3_2\debug\demo3_2.tlog\link.read.1.tlog
e:\back\cuiwenshan\downloads\premier press - focus on 3d terrain programming.source code\code\chapter 3\demo3_2\debug\demo3_2.tlog\link.write.1.tlog
e:\back\cuiwenshan\downloads\premier press - focus on 3d terrain programming.source code\code\chapter 3\demo3_2\debug\demo3_2.tlog\rc.command.1.tlog
e:\back\cuiwenshan\downloads\premier press - focus on 3d terrain programming.source code\code\chapter 3\demo3_2\debug\demo3_2.tlog\rc.read.1.tlog
e:\back\cuiwenshan\downloads\premier press - focus on 3d terrain programming.source code\code\chapter 3\demo3_2\debug\demo3_2.tlog\rc.write.1.tlog
